<?xml version="1.0"?><testsuite name="soak" tests="15" failures="1" skipped="0"><testcase name="evidence-1"/><testcase name="evidence-2"/><testcase name="evidence-3"/><testcase name="evidence-4"/><testcase name="evidence-5"/><testcase name="evidence-6"/><testcase name="evidence-7"/><testcase name="evidence-8"/><testcase name="evidence-9"/><testcase name="evidence-10"/><testcase name="evidence-11"/><testcase name="evidence-12"/><testcase name="evidence-13"/><testcase name="evidence-14"/><testcase name="evidence-15"/></testsuite>